c:\users\cheater\desktop\verblehacknfsmw\verblehacknfsmw\debug\vc141.pdb
c:\users\cheater\desktop\verblehacknfsmw\verblehacknfsmw\debug\vc141.idb
c:\users\cheater\desktop\verblehacknfsmw\verblehacknfsmw\debug\messagebox.obj
c:\users\cheater\desktop\verblehacknfsmw\verblehacknfsmw\debug\menu.obj
c:\users\cheater\desktop\verblehacknfsmw\verblehacknfsmw\debug\mainloop.obj
c:\users\cheater\desktop\verblehacknfsmw\verblehacknfsmw\debug\functions.obj
c:\users\cheater\desktop\verblehacknfsmw\verblehacknfsmw\debug\d3dresloader.obj
c:\users\cheater\desktop\verblehacknfsmw\verblehacknfsmw\debug\d3d9hook.obj
c:\users\cheater\desktop\verblehacknfsmw\verblehacknfsmw\debug\cursor.obj
c:\users\cheater\desktop\verblehacknfsmw\verblehacknfsmw\debug\verblecore.obj
c:\users\cheater\desktop\verblehacknfsmw\verblehacknfsmw\debug\font.obj
a:\need for speed most wanted - black edition\scripts\verblehacknfsmw.asi
a:\need for speed most wanted - black edition\scripts\verblehacknfsmw.ilk
a:\need for speed most wanted - black edition\scripts\verblehacknfsmw.pdb
c:\users\cheater\desktop\verblehacknfsmw\verblehacknfsmw\debug\verblehacknfsmw.res
c:\users\cheater\desktop\verblehacknfsmw\verblehacknfsmw\debug\verblehacknfsmw.tlog\cl.command.1.tlog
c:\users\cheater\desktop\verblehacknfsmw\verblehacknfsmw\debug\verblehacknfsmw.tlog\cl.read.1.tlog
c:\users\cheater\desktop\verblehacknfsmw\verblehacknfsmw\debug\verblehacknfsmw.tlog\cl.write.1.tlog
c:\users\cheater\desktop\verblehacknfsmw\verblehacknfsmw\debug\verblehacknfsmw.tlog\link.command.1.tlog
c:\users\cheater\desktop\verblehacknfsmw\verblehacknfsmw\debug\verblehacknfsmw.tlog\link.delete.1.tlog
c:\users\cheater\desktop\verblehacknfsmw\verblehacknfsmw\debug\verblehacknfsmw.tlog\link.read.1.tlog
c:\users\cheater\desktop\verblehacknfsmw\verblehacknfsmw\debug\verblehacknfsmw.tlog\link.write.1.tlog
c:\users\cheater\desktop\verblehacknfsmw\verblehacknfsmw\debug\verblehacknfsmw.tlog\rc.command.1.tlog
c:\users\cheater\desktop\verblehacknfsmw\verblehacknfsmw\debug\verblehacknfsmw.tlog\rc.read.1.tlog
c:\users\cheater\desktop\verblehacknfsmw\verblehacknfsmw\debug\verblehacknfsmw.tlog\rc.write.1.tlog
c:\users\cheater\desktop\verblehacknfsmw\verblehacknfsmw\debug\verblehacknfsmw.tlog\verblehacknfsmw.write.1u.tlog
