c:\users\cheater\desktop\verblehacknfsmw\verblehacknfsmw\release\vc141.pdb
c:\users\cheater\desktop\verblehacknfsmw\verblehacknfsmw\release\myd3dx.obj
c:\users\cheater\desktop\verblehacknfsmw\verblehacknfsmw\release\menu.obj
c:\users\cheater\desktop\verblehacknfsmw\verblehacknfsmw\release\core.obj
c:\users\cheater\desktop\verblehacknfsmw\verblehacknfsmw\release\functions.obj
c:\users\cheater\desktop\verblehacknfsmw\verblehacknfsmw\release\font.obj
c:\users\cheater\desktop\verblehacknfsmw\verblehacknfsmw\release\errorreport.obj
c:\users\cheater\desktop\verblehacknfsmw\verblehacknfsmw\release\dllmain.obj
c:\users\cheater\desktop\verblehacknfsmw\verblehacknfsmw\release\d3d9hook.obj
c:\users\cheater\desktop\verblehacknfsmw\verblehacknfsmw\release\cursor.obj
c:\users\cheater\desktop\verblehacknfsmw\verblehacknfsmw\release\messagebox.obj
d:\need for speed most wanted\scripts\verblehacknfsmw.asi
d:\need for speed most wanted\scripts\verblehacknfsmw.pdb
c:\users\cheater\desktop\verblehacknfsmw\verblehacknfsmw\release\verblehacknfsmw.res
d:\need for speed most wanted\scripts\verblehacknfsmw.ipdb
d:\need for speed most wanted\scripts\verblehacknfsmw.iobj
c:\users\cheater\desktop\verblehacknfsmw\verblehacknfsmw\release\nativecodeanalysis.read.1.tlog
c:\users\cheater\desktop\verblehacknfsmw\verblehacknfsmw\release\core.nativecodeanalysis.xml
c:\users\cheater\desktop\verblehacknfsmw\verblehacknfsmw\release\vc.nativecodeanalysis.all.xml
c:\users\cheater\desktop\verblehacknfsmw\verblehacknfsmw\release\verblehacknfsmw.tlog\cl.command.1.tlog
c:\users\cheater\desktop\verblehacknfsmw\verblehacknfsmw\release\verblehacknfsmw.tlog\cl.read.1.tlog
c:\users\cheater\desktop\verblehacknfsmw\verblehacknfsmw\release\verblehacknfsmw.tlog\cl.write.1.tlog
c:\users\cheater\desktop\verblehacknfsmw\verblehacknfsmw\release\verblehacknfsmw.tlog\link.command.1.tlog
c:\users\cheater\desktop\verblehacknfsmw\verblehacknfsmw\release\verblehacknfsmw.tlog\link.read.1.tlog
c:\users\cheater\desktop\verblehacknfsmw\verblehacknfsmw\release\verblehacknfsmw.tlog\link.write.1.tlog
c:\users\cheater\desktop\verblehacknfsmw\verblehacknfsmw\release\verblehacknfsmw.tlog\rc.command.1.tlog
c:\users\cheater\desktop\verblehacknfsmw\verblehacknfsmw\release\verblehacknfsmw.tlog\rc.read.1.tlog
c:\users\cheater\desktop\verblehacknfsmw\verblehacknfsmw\release\verblehacknfsmw.tlog\rc.write.1.tlog
c:\users\cheater\desktop\verblehacknfsmw\verblehacknfsmw\release\verblehacknfsmw.tlog\verblehacknfsmw.write.1u.tlog
